Determining if the __arm__ exist failed with the following output:
Change Dir: /home/ericl/Documents/Projects/TinyScaler/build/lib.linux-x86_64-3.10/CMakeFiles/CMakeTmp

Run Build Command(s):/usr/bin/make -f Makefile cmTC_c0fb0/fast && /usr/bin/make  -f CMakeFiles/cmTC_c0fb0.dir/build.make CMakeFiles/cmTC_c0fb0.dir/build
make[1]: Entering directory '/home/ericl/Documents/Projects/TinyScaler/build/lib.linux-x86_64-3.10/CMakeFiles/CMakeTmp'
Building C object CMakeFiles/cmTC_c0fb0.dir/CheckSymbolExists.c.o
/usr/bin/cc   -DVERSION_INFO=\"1.0.1\" -O3 -march=native -ffast-math  -o CMakeFiles/cmTC_c0fb0.dir/CheckSymbolExists.c.o -c /home/ericl/Documents/Projects/TinyScaler/build/lib.linux-x86_64-3.10/CMakeFiles/CMakeTmp/CheckSymbolExists.c
/home/ericl/Documents/Projects/TinyScaler/build/lib.linux-x86_64-3.10/CMakeFiles/CMakeTmp/CheckSymbolExists.c: In function ‘main’:
/home/ericl/Documents/Projects/TinyScaler/build/lib.linux-x86_64-3.10/CMakeFiles/CMakeTmp/CheckSymbolExists.c:8:19: error: ‘__arm__’ undeclared (first use in this function)
    8 |   return ((int*)(&__arm__))[argc];
      |                   ^~~~~~~
/home/ericl/Documents/Projects/TinyScaler/build/lib.linux-x86_64-3.10/CMakeFiles/CMakeTmp/CheckSymbolExists.c:8:19: note: each undeclared identifier is reported only once for each function it appears in
make[1]: *** [CMakeFiles/cmTC_c0fb0.dir/build.make:78: CMakeFiles/cmTC_c0fb0.dir/CheckSymbolExists.c.o] Error 1
make[1]: Leaving directory '/home/ericl/Documents/Projects/TinyScaler/build/lib.linux-x86_64-3.10/CMakeFiles/CMakeTmp'
make: *** [Makefile:127: cmTC_c0fb0/fast] Error 2


File /home/ericl/Documents/Projects/TinyScaler/build/lib.linux-x86_64-3.10/CMakeFiles/CMakeTmp/CheckSymbolExists.c:
/* */
#include <stdio.h>

int main(int argc, char** argv)
{
  (void)argv;
#ifndef __arm__
  return ((int*)(&__arm__))[argc];
#else
  (void)argc;
  return 0;
#endif
}
