[2022-04-07  16:32:20.049] "D:\python\RenRenMall\RenRen_Shop\api\application\seckill\edit.py:52" [ERROR] : {"error":460106,"message":"参数错误"}
[2022-04-07  16:35:18.893] "D:\python\RenRenMall\RenRen_Shop\api\application\seckill\edit.py:52" [ERROR] : {"error":460106,"message":"参数错误"}
[2022-04-07  16:37:12.856] "D:\python\RenRenMall\RenRen_Shop\api\application\seckill\edit.py:52" [ERROR] : id=426&is_preheat=1&end_time=2022-04-07+18%3A00%3A00&preheat_time=2022-04-07+12%3A00%3A00&start_time=2022-04-07+16%3A00%3A00
[2022-04-07  16:37:12.856] "D:\python\RenRenMall\RenRen_Shop\api\application\seckill\edit.py:53" [ERROR] : {"error":460106,"message":"参数错误"}
[2022-04-07  16:38:59.456] "D:\python\RenRenMall\RenRen_Shop\api\application\seckill\edit.py:52" [ERROR] : id=426&is_preheat=1&end_time=2022-04-07+18%3A00%3A00&preheat_time=2022-04-07+12%3A00%3A00
[2022-04-07  16:38:59.457] "D:\python\RenRenMall\RenRen_Shop\api\application\seckill\edit.py:53" [ERROR] : {"error":460106,"message":"参数错误"}
[2022-04-07  16:41:51.270] "D:\python\RenRenMall\RenRen_Shop\api\application\seckill\edit.py:52" [ERROR] : id=426&is_preheat=1&end_time=2022-04-07+18%3A00%3A00&preheat_time=2022-04-07+12%3A00%3A00&start_time=2022-04-07+16%3A00%3A00
[2022-04-07  16:41:51.270] "D:\python\RenRenMall\RenRen_Shop\api\application\seckill\edit.py:53" [ERROR] : {"error":460106,"message":"参数错误"}
[2022-04-07  16:42:26.863] "D:\python\RenRenMall\RenRen_Shop\api\application\seckill\edit.py:52" [ERROR] : {"error":460106,"message":"参数错误"}
[2022-04-07  16:42:36.661] "D:\python\RenRenMall\RenRen_Shop\api\application\seckill\edit.py:52" [ERROR] : {"error":460106,"message":"参数错误"}
[2022-04-07  16:43:24.379] "D:\python\RenRenMall\RenRen_Shop\api\application\seckill\edit.py:52" [ERROR] : {"error":460106,"message":"参数错误"}
[2022-04-07  16:44:13.236] "D:\python\RenRenMall\RenRen_Shop\api\application\seckill\edit.py:52" [ERROR] : {"error":460106,"message":"参数错误"}
[2022-04-07  17:16:21.977] "D:\python\RenRenMall\RenRen_Shop\api\application\seckill\add.py:53" [ERROR] : {"error":460100,"message":"活动库存不能为空"}
[2022-04-07  17:16:26.008] "D:\python\RenRenMall\RenRen_Shop\api\application\seckill\add.py:53" [ERROR] : {"error":460100,"message":"商品[扫把套装簸箕组合家用笤帚刮水器头发扫地神器扫帚垃圾铲单个扫帚]减库存方式不是下单减库存"}
[2022-04-07  17:16:27.883] "D:\python\RenRenMall\RenRen_Shop\api\application\seckill\add.py:53" [ERROR] : {"error":460100,"message":"商品[辣味客重庆自热小火锅麻辣牛肚火腿肠蔬菜自助方便懒人网红火锅]减库存方式不是下单减库存"}
[2022-04-07  17:16:29.969] "D:\python\RenRenMall\RenRen_Shop\api\application\seckill\add.py:53" [ERROR] : {"error":460100,"message":"商品[老干妈油辣椒275g贵州风味特产油辣子花生辣椒酱调料拌面酱]减库存方式不是下单减库存"}
[2022-04-11  13:24:49.625] "D:\python\RenRenMall\RenRen_Shop\api\goods\add_goods.py:88" [ERROR] : {"error":2,"message":"array_flip() expects parameter 1 to be array, string given"}
[2022-04-11  13:27:46.391] "D:\python\RenRenMall\RenRen_Shop\api\goods\add_goods.py:89" [ERROR] : {"error":2,"message":"array_flip() expects parameter 1 to be array, string given"}
[2022-04-11  13:31:47.376] "D:\python\RenRenMall\RenRen_Shop\api\goods\add_goods.py:88" [ERROR] : {"error":2,"message":"array_flip() expects parameter 1 to be array, string given"}
[2022-04-11  13:35:46.559] "D:\python\RenRenMall\RenRen_Shop\api\goods\add_goods.py:88" [ERROR] : {"error":2,"message":"array_flip() expects parameter 1 to be array, string given"}
[2022-04-11  14:09:22.909] "D:\python\RenRenMall\RenRen_Shop\api\goods\add_goods.py:88" [ERROR] : {"error":200407,"message":"缺少规格商品"}
[2022-04-11  14:10:00.342] "D:\python\RenRenMall\RenRen_Shop\api\goods\add_goods.py:88" [ERROR] : {"error":200407,"message":"缺少规格商品"}
[2022-04-11  14:10:50.780] "D:\python\RenRenMall\RenRen_Shop\api\goods\add_goods.py:88" [ERROR] : {"error":200407,"message":"缺少规格商品"}
[2022-04-11  14:11:07.258] "D:\python\RenRenMall\RenRen_Shop\api\goods\add_goods.py:88" [ERROR] : {"error":200407,"message":"缺少规格商品"}
[2022-04-11  14:12:14.056] "D:\python\RenRenMall\RenRen_Shop\api\goods\add_goods.py:88" [ERROR] : {"error":200407,"message":"缺少规格商品"}
[2022-04-11  14:13:33.184] "D:\python\RenRenMall\RenRen_Shop\api\goods\add_goods.py:88" [ERROR] : {"error":200407,"message":"缺少规格商品"}
[2022-04-11  14:16:32.156] "D:\python\RenRenMall\RenRen_Shop\api\goods\add_goods.py:88" [ERROR] : {"error":200407,"message":"缺少规格商品"}
[2022-04-11  14:16:57.567] "D:\python\RenRenMall\RenRen_Shop\api\goods\add_goods.py:88" [ERROR] : {"error":200407,"message":"缺少规格商品"}
[2022-04-11  14:18:01.326] "D:\python\RenRenMall\RenRen_Shop\api\goods\add_goods.py:88" [ERROR] : {"error":200407,"message":"缺少规格商品"}
[2022-04-12  19:28:46.631] "D:\python\RenRenMall\RenRen_Shop\api\application\diypage\page_edit.py:44" [ERROR] : {"error":-1,"message":"数据不存在"}
[2022-04-12  19:30:37.141] "D:\python\RenRenMall\RenRen_Shop\api\application\diypage\page_edit.py:42" [ERROR] : {"error":-1,"message":"数据不存在"}
[2022-04-12  19:31:00.386] "D:\python\RenRenMall\RenRen_Shop\api\application\diypage\page_edit.py:42" [ERROR] : {"error":-1,"message":"数据不存在"}
[2022-04-13  15:51:49.073] "D:\python\RenRenMall\RenRen_Shop\api\application\diypage\page_infos.py:42" [ERROR] : {"error":-1,"message":"记录不存在"}
[2022-04-14  20:58:20.938] "D:\python\RenRenMall\RenRen_Shop\api\application\seckill\add.py:138" [ERROR] : {"error":460100,"message":"商品[免打孔硅胶门吸卫生间门后防撞门吸盘静音缓冲防撞垫门顶吸墙器]减库存方式不是下单减库存"}
